#-----------------------------------------------------------
# Vivado v2017.2 (64-bit)
# SW Build 1909853 on Thu Jun 15 18:39:09 MDT 2017
# IP Build 1909766 on Thu Jun 15 19:58:00 MDT 2017
# Start of session at: Wed Oct 25 21:10:40 2017
# Process ID: 16344
# Current directory: C:/Users/rhino/OneDrive/Documents/CPE 233/Experiment-8
# Command line: vivado.exe -gui_launcher_event rodinguilauncherevent17100 C:\Users\rhino\OneDrive\Documents\CPE 233\Experiment-8\Experiment 8.xpr
# Log file: C:/Users/rhino/OneDrive/Documents/CPE 233/Experiment-8/vivado.log
# Journal file: C:/Users/rhino/OneDrive/Documents/CPE 233/Experiment-8\vivado.jou
#-----------------------------------------------------------
start_gui
open_project {C:/Users/rhino/OneDrive/Documents/CPE 233/Experiment-8/Experiment 8.xpr}
INFO: [Project 1-313] Project file moved from 'C:/Users/rsolorza/Desktop/Experiment 8' since last save.
Scanning sources...
Finished scanning sources
INFO: [IP_Flow 19-234] Refreshing IP repositories
INFO: [IP_Flow 19-1704] No user IP repositories specified
INFO: [IP_Flow 19-2313] Loaded Vivado IP repository 'C:/Xilinx/Vivado/2017.2/data/ip'.
open_project: Time (s): cpu = 00:00:11 ; elapsed = 00:00:06 . Memory (MB): peak = 796.254 ; gain = 79.656
update_compile_order -fileset sources_1
close [ open {C:/Users/rhino/OneDrive/Documents/CPE 233/Experiment-8/Experiment 8.srcs/sources_1/new/mux_2x1_10bit.vhd} w ]
add_files {{C:/Users/rhino/OneDrive/Documents/CPE 233/Experiment-8/Experiment 8.srcs/sources_1/new/mux_2x1_10bit.vhd}}
update_compile_order -fileset sources_1
update_compile_order -fileset sources_1
update_compile_order -fileset sources_1
exit
INFO: [Common 17-206] Exiting Vivado at Wed Oct 25 22:44:29 2017...
